<?xml version="1.0" encoding="UTF-8"?>
<!-- Generated by org.testng.reporters.JUnitReportReporter -->
<testsuite hostname="VDI-006" name="tests.MakeNewAdTest" tests="2" failures="0" timestamp="6 Apr 2016 12:20:06 GMT" time="46.936" errors="0">
  <testcase name="saveAdDraft" time="19.785" classname="tests.MakeNewAdTest"/>
  <testcase name="publishNewAd" time="27.151" classname="tests.MakeNewAdTest"/>
</testsuite> <!-- tests.MakeNewAdTest -->
