<?xml version="1.0" encoding="UTF-8"?>
<!-- Generated by org.testng.reporters.JUnitReportReporter -->
<testsuite hostname="VDI-006" name="tests.ManageAdvertiseTests" tests="1" failures="0" timestamp="7 Apr 2016 10:45:14 GMT" time="27.602" errors="0">
  <testcase name="RemoveLiveAd" time="27.602" classname="tests.ManageAdvertiseTests"/>
</testsuite> <!-- tests.ManageAdvertiseTests -->
